<?xml version="1.0" encoding="utf-8"?><testsuites name="pytest tests"><testsuite name="pytest" errors="0" failures="0" skipped="0" tests="78" time="379.073" timestamp="2025-10-19T17:21:46.767375+08:00" hostname="DHC-PC"><testcase classname="tests.docs.test_docs_build" name="test_sphinx_build_html" time="9.692" /><testcase classname="tests.examples.test_examples_smoke" name="test_aggregation_example_smoke" time="2.384" /><testcase classname="tests.examples.test_examples_smoke" name="test_conditional_clear_example_dry_run" time="4.201" /><testcase classname="tests.examples.test_examples_smoke" name="test_batch_operations_example_dry_run_small" time="0.024" /><testcase classname="tests.test_rdf_end_to_end" name="test_upsert_and_projection_roundtrip" time="17.706" /><testcase classname="tests.test_rdf_end_to_end" name="test_snapshot_and_conditional_clear" time="27.869" /><testcase classname="tests.test_rdf_end_to_end" name="test_provenance_annotation" time="13.590" /><testcase classname="tests.unit.connection.test_fuseki_client_comprehensive" name="test_circuit_breaker_opens" time="0.006" /><testcase classname="tests.unit.connection.test_fuseki_client_comprehensive" name="test_circuit_breaker_recovery" time="0.034" /><testcase classname="tests.unit.connection.test_fuseki_client_comprehensive" name="test_retry_on_timeout" time="0.003" /><testcase classname="tests.unit.connection.test_fuseki_client_comprehensive" name="test_trace_id_propagation" time="0.008" /><testcase classname="tests.unit.connection.test_fuseki_client_comprehensive" name="test_metrics_recording" time="0.004" /><testcase classname="tests.unit.connection.test_fuseki_client_resilience" name="test_circuit_opens_after_consecutive_failures" time="0.004" /><testcase classname="tests.unit.connection.test_fuseki_client_resilience" name="test_circuit_recover_after_timeout_window" time="0.006" /><testcase classname="tests.unit.connection.test_fuseki_client_resilience" name="test_failure_metric_increments" time="0.004" /><testcase classname="tests.unit.connection.test_fuseki_client_resilience" name="test_http_error_code_mapping[400-4001]" time="0.003" /><testcase classname="tests.unit.connection.test_fuseki_client_resilience" name="test_http_error_code_mapping[401-4011]" time="0.003" /><testcase classname="tests.unit.connection.test_fuseki_client_resilience" name="test_http_error_code_mapping[403-4031]" time="0.003" /><testcase classname="tests.unit.connection.test_fuseki_client_resilience" name="test_http_error_code_mapping[404-4041]" time="0.004" /><testcase classname="tests.unit.connection.test_fuseki_client_resilience" name="test_http_error_code_mapping[503-5102]" time="0.003" /><testcase classname="tests.unit.connection.test_fuseki_client_resilience" name="test_retryable_status_codes_respected" time="0.002" /><testcase classname="tests.unit.connection.test_fuseki_client_resilience" name="test_record_timeout_only_skips_connect_errors" time="0.003" /><testcase classname="tests.unit.connection.test_fuseki_client_resilience" name="test_timeout_clamping" time="0.001" /><testcase classname="tests.unit.connection.test_fuseki_client_resilience" name="test_basic_auth_and_trace_header" time="0.003" /><testcase classname="tests.unit.converter.test_graph_formatter.TestGraphFormatter" name="test_format_turtle_passthrough" time="0.001" /><testcase classname="tests.unit.converter.test_graph_formatter.TestGraphFormatter" name="test_format_jsonld" time="0.037" /><testcase classname="tests.unit.converter.test_graph_formatter.TestGraphFormatter" name="test_format_jsonld_with_context" time="0.004" /><testcase classname="tests.unit.converter.test_graph_formatter.TestGraphFormatter" name="test_format_simplified_json" time="0.003" /><testcase classname="tests.unit.converter.test_graph_formatter.TestGraphFormatter" name="test_simplified_json_multilang_labels" time="0.002" /><testcase classname="tests.unit.converter.test_graph_formatter.TestGraphFormatter" name="test_invalid_format_type" time="0.003" /><testcase classname="tests.unit.converter.test_result_mapper" name="test_map_bindings_casts_core_types" time="0.001" /><testcase classname="tests.unit.converter.test_result_mapper" name="test_map_bindings_handles_missing_cells" time="0.001" /><testcase classname="tests.unit.graph.test_conditional_clear.TestConditionalClear" name="test_dry_run_basic" time="0.006" /><testcase classname="tests.unit.graph.test_conditional_clear.TestConditionalClear" name="test_subject_prefix_filter" time="0.005" /><testcase classname="tests.unit.graph.test_conditional_clear.TestConditionalClear" name="test_predicate_whitelist" time="0.005" /><testcase classname="tests.unit.graph.test_conditional_clear.TestConditionalClear" name="test_max_deletes_limit" time="0.005" /><testcase classname="tests.unit.graph.test_conditional_clear.TestConditionalClear" name="test_execute_conditional_delete" time="0.004" /><testcase classname="tests.unit.graph.test_graph_projection_builder_async" name="test_project_from_graph_ref_filters_predicates" time="0.019" /><testcase classname="tests.unit.graph.test_graph_projection_builder_async" name="test_project_limit_violation_raises_api_error" time="0.020" /><testcase classname="tests.unit.graph.test_graph_projection_filters" name="test_projection_filters_edges_and_literals" time="0.003" /><testcase classname="tests.unit.graph.test_graph_projection_filters" name="test_projection_limit_violation_raises_error" time="0.002" /><testcase classname="tests.unit.graph.test_named_graph_manager_conditional" name="test_conditional_clear_dry_run_returns_preview" time="0.003" /><testcase classname="tests.unit.graph.test_named_graph_manager_conditional" name="test_conditional_clear_executes_delete_when_not_dry_run" time="0.003" /><testcase classname="tests.unit.graph.test_named_graph_manager_exists" name="test_create_returns_exists_when_backend_reports_already" time="0.003" /><testcase classname="tests.unit.graph.test_named_graph_manager_exists" name="test_create_success_returns_created" time="0.003" /><testcase classname="tests.unit.provenance.test_provenance_statements" name="test_provenance_statements_cover_all_fields" time="0.003" /><testcase classname="tests.unit.query.test_aggregation" name="test_support_all_aggregations" time="0.002" /><testcase classname="tests.unit.query.test_aggregation" name="test_group_by_and_having_clause" time="0.001" /><testcase classname="tests.unit.query.test_aggregation" name="test_group_concat_with_separator_and_distinct" time="0.001" /><testcase classname="tests.unit.query.test_aggregation" name="test_multiple_aggregations_and_group_columns" time="0.001" /><testcase classname="tests.unit.query.test_cursor_pagination.TestCursorPagination" name="test_encode_decode_cursor" time="0.001" /><testcase classname="tests.unit.query.test_cursor_pagination.TestCursorPagination" name="test_cursor_filter_uri" time="0.001" /><testcase classname="tests.unit.query.test_cursor_pagination.TestCursorPagination" name="test_cursor_filter_literal" time="0.001" /><testcase classname="tests.unit.query.test_cursor_pagination" name="test_pagination_no_duplicates" time="258.274" /><testcase classname="tests.unit.query.test_query_builder" name="test_build_select_with_filters_and_expand" time="0.001" /><testcase classname="tests.unit.query.test_query_builder" name="test_build_select_with_time_window" time="0.001" /><testcase classname="tests.unit.query.test_query_builder" name="test_build_construct_uses_construct_block" time="0.002" /><testcase classname="tests.unit.query.test_query_builder_expand_alias" name="test_expand_alias_and_sort_column" time="0.001" /><testcase classname="tests.unit.query.test_query_builder_filters_full" name="test_build_select_with_all_supported_filters" time="0.001" /><testcase classname="tests.unit.query.test_query_builder_filters_full" name="test_build_select_with_time_window_and_literals" time="0.001" /><testcase classname="tests.unit.query.test_query_builder_filters_full" name="test_unknown_prefix_raises_value_error" time="0.001" /><testcase classname="tests.unit.query.test_sparql_sanitizer.TestSPARQLSanitizer" name="test_escape_uri_normal" time="0.001" /><testcase classname="tests.unit.query.test_sparql_sanitizer.TestSPARQLSanitizer" name="test_escape_uri_with_dangerous_chars" time="0.001" /><testcase classname="tests.unit.query.test_sparql_sanitizer.TestSPARQLSanitizer" name="test_escape_uri_rejects_non_http_scheme" time="0.001" /><testcase classname="tests.unit.query.test_sparql_sanitizer.TestSPARQLSanitizer" name="test_escape_literal_with_quotes" time="0.001" /><testcase classname="tests.unit.query.test_sparql_sanitizer.TestSPARQLSanitizer" name="test_escape_literal_with_datatype" time="0.001" /><testcase classname="tests.unit.query.test_sparql_sanitizer.TestSPARQLSanitizer" name="test_validate_prefix_valid" time="0.001" /><testcase classname="tests.unit.query.test_sparql_sanitizer.TestSPARQLSanitizer" name="test_validate_prefix_invalid" time="0.001" /><testcase classname="tests.unit.query.test_sparql_sanitizer.TestSPARQLSanitizer" name="test_sql_injection_attempt" time="0.001" /><testcase classname="tests.unit.transaction.test_batch_operations" name="test_apply_template_basic" time="5.428" /><testcase classname="tests.unit.transaction.test_batch_operations" name="test_large_batch_and_retry" time="36.981" /><testcase classname="tests.unit.transaction.test_transaction_manager" name="test_transaction_manager_executes_updates" time="0.002" /><testcase classname="tests.unit.transaction.test_transaction_manager_conflict_ignore" name="test_transaction_manager_reports_ignore_conflict" time="0.003" /><testcase classname="tests.unit.transaction.test_transaction_manager_rollback" name="test_transaction_manager_rolls_back_on_failure" time="0.003" /><testcase classname="tests.unit.transaction.test_upsert_planner_custom_keys" name="test_custom_key_statement_contains_all_fields" time="0.001" /><testcase classname="tests.unit.transaction.test_upsert_planner_custom_keys" name="test_custom_key_with_invalid_field_raises" time="0.001" /><testcase classname="tests.unit.transaction.test_upsert_planner_extended" name="test_plan_replace_by_subject_predicate_generates_statement" time="0.001" /><testcase classname="tests.unit.transaction.test_upsert_planner_literals_lang_dtype" name="test_literal_rendering_with_dtype_and_lang" time="0.002" /></testsuite></testsuites>